[    0.000000] Initializing cgroup subsys cpuset
[    0.000000] Initializing cgroup subsys cpu
[    0.000000] Initializing cgroup subsys cpuacct
[    0.000000] Linux version 4.4.0-128-generic (buildd@lcy01-amd64-019) (gcc version 5.4.0 20160609 (Ubuntu 5.4.0-6ubuntu1~16.04.9) ) #154-Ubuntu SMP Fri May 25 14:15:18 UTC 2018 (Ubuntu 4.4.0-128.154-generic 4.4.131)
[    0.000000] Command line: BOOT_IMAGE=/boot/vmlinuz-4.4.0-128-generic root=LABEL=cloudimg-rootfs ro console=tty1 console=ttyS0
[    0.000000] KERNEL supported cpus:
[    0.000000]   Intel GenuineIntel
[    0.000000]   AMD AuthenticAMD
[    0.000000]   Centaur CentaurHauls
[    0.000000] x86/fpu: xstate_offset[2]:  576, xstate_sizes[2]:  256
[    0.000000] x86/fpu: Supporting XSAVE feature 0x01: 'x87 floating point registers'
[    0.000000] x86/fpu: Supporting XSAVE feature 0x02: 'SSE registers'
[    0.000000] x86/fpu: Supporting XSAVE feature 0x04: 'AVX registers'
[    0.000000] x86/fpu: Enabled xstate features 0x7, context size is 832 bytes, using 'standard' format.
[    0.000000] x86/fpu: Using 'lazy' FPU context switches.
[    0.000000] e820: BIOS-provided physical RAM map:
[    0.000000] BIOS-e820: [mem 0x0000000000000000-0x000000000009fbff] usable
[    0.000000] BIOS-e820: [mem 0x000000000009fc00-0x000000000009ffff] reserved
[    0.000000] BIOS-e820: [mem 0x00000000000f0000-0x00000000000fffff] reserved
[    0.000000] BIOS-e820: [mem 0x0000000000100000-0x000000003ffeffff] usable
[    0.000000] BIOS-e820: [mem 0x000000003fff0000-0x000000003fffffff] ACPI data
[    0.000000] BIOS-e820: [mem 0x00000000fec00000-0x00000000fec00fff] reserved
[    0.000000] BIOS-e820: [mem 0x00000000fee00000-0x00000000fee00fff] reserved
[    0.000000] BIOS-e820: [mem 0x00000000fffc0000-0x00000000ffffffff] reserved
[    0.000000] NX (Execute Disable) protection: active
[    0.000000] SMBIOS 2.5 present.
[    0.000000] Hypervisor detected: KVM
[    0.000000] e820: last_pfn = 0x3fff0 max_arch_pfn = 0x400000000
[    0.000000] MTRR: Disabled
[    0.000000] x86/PAT: MTRRs disabled, skipping PAT initialization too.
[    0.000000] CPU MTRRs all blank - virtualized system.
[    0.000000] x86/PAT: Configuration [0-7]: WB  WT  UC- UC  WB  WT  UC- UC  
[    0.000000] found SMP MP-table at [mem 0x0009fff0-0x0009ffff] mapped at [ffff88000009fff0]
[    0.000000] Scanning 1 areas for low memory corruption
[    0.000000] RAMDISK: [mem 0x36aa2000-0x37548fff]
[    0.000000] ACPI: Early table checksum verification disabled
[    0.000000] ACPI: RSDP 0x00000000000E0000 000024 (v02 VBOX  )
[    0.000000] ACPI: XSDT 0x000000003FFF0030 00003C (v01 VBOX   VBOXXSDT 00000001 ASL  00000061)
[    0.000000] ACPI: FACP 0x000000003FFF00F0 0000F4 (v04 VBOX   VBOXFACP 00000001 ASL  00000061)
[    0.000000] ACPI: DSDT 0x000000003FFF0470 0021FF (v02 VBOX   VBOXBIOS 00000002 INTL 20100528)
[    0.000000] ACPI: FACS 0x000000003FFF0200 000040
[    0.000000] ACPI: FACS 0x000000003FFF0200 000040
[    0.000000] ACPI: APIC 0x000000003FFF0240 00005C (v02 VBOX   VBOXAPIC 00000001 ASL  00000061)
[    0.000000] ACPI: SSDT 0x000000003FFF02A0 0001CC (v01 VBOX   VBOXCPUT 00000002 INTL 20100528)
[    0.000000] No NUMA configuration found
[    0.000000] Faking a node at [mem 0x0000000000000000-0x000000003ffeffff]
[    0.000000] NODE_DATA(0) allocated [mem 0x3ffeb000-0x3ffeffff]
[    0.000000] kvm-clock: Using msrs 4b564d01 and 4b564d00
[    0.000000] kvm-clock: cpu 0, msr 0:3ffe3001, primary cpu clock
[    0.000000] kvm-clock: using sched offset of 3214971500 cycles
[    0.000000] clocksource: kvm-clock: mask: 0xffffffffffffffff max_cycles: 0x1cd42e4dffb, max_idle_ns: 881590591483 ns
[    0.000000] Zone ranges:
[    0.000000]   DMA      [mem 0x0000000000001000-0x0000000000ffffff]
[    0.000000]   DMA32    [mem 0x0000000001000000-0x000000003ffeffff]
[    0.000000]   Normal   empty
[    0.000000]   Device   empty
[    0.000000] Movable zone start for each node
[    0.000000] Early memory node ranges
[    0.000000]   node   0: [mem 0x0000000000001000-0x000000000009efff]
[    0.000000]   node   0: [mem 0x0000000000100000-0x000000003ffeffff]
[    0.000000] Initmem setup node 0 [mem 0x0000000000001000-0x000000003ffeffff]
[    0.000000] ACPI: PM-Timer IO Port: 0x4008
[    0.000000] IOAPIC[0]: apic_id 2, version 32, address 0xfec00000, GSI 0-23
[    0.000000] ACPI: INT_SRC_OVR (bus 0 bus_irq 0 global_irq 2 dfl dfl)
[    0.000000] ACPI: INT_SRC_OVR (bus 0 bus_irq 9 global_irq 9 high level)
[    0.000000] Using ACPI (MADT) for SMP configuration information
[    0.000000] smpboot: Allowing 2 CPUs, 0 hotplug CPUs
[    0.000000] PM: Registered nosave memory: [mem 0x00000000-0x00000fff]
[    0.000000] PM: Registered nosave memory: [mem 0x0009f000-0x0009ffff]
[    0.000000] PM: Registered nosave memory: [mem 0x000a0000-0x000effff]
[    0.000000] PM: Registered nosave memory: [mem 0x000f0000-0x000fffff]
[    0.000000] e820: [mem 0x40000000-0xfebfffff] available for PCI devices
[    0.000000] Booting paravirtualized kernel on KVM
[    0.000000] clocksource: refined-jiffies: mask: 0xffffffff max_cycles: 0xffffffff, max_idle_ns: 7645519600211568 ns
[    0.000000] setup_percpu: NR_CPUS:512 nr_cpumask_bits:512 nr_cpu_ids:2 nr_node_ids:1
[    0.000000] PERCPU: Embedded 34 pages/cpu @ffff88003fc00000 s99544 r8192 d31528 u1048576
[    0.000000] PV qspinlock hash table entries: 256 (order: 0, 4096 bytes)
[    0.000000] Built 1 zonelists in Node order, mobility grouping on.  Total pages: 257912
[    0.000000] Policy zone: DMA32
[    0.000000] Kernel command line: BOOT_IMAGE=/boot/vmlinuz-4.4.0-128-generic root=LABEL=cloudimg-rootfs ro console=tty1 console=ttyS0
[    0.000000] PID hash table entries: 4096 (order: 3, 32768 bytes)
[    0.000000] Memory: 1001612K/1048120K available (8541K kernel code, 1313K rwdata, 4000K rodata, 1512K init, 1316K bss, 46508K reserved, 0K cma-reserved)
[    0.000000] SLUB: HWalign=64, Order=0-3, MinObjects=0, CPUs=2, Nodes=1
[    0.000000] Kernel/User page tables isolation: enabled
[    0.000000] Hierarchical RCU implementation.
[    0.000000] 	Build-time adjustment of leaf fanout to 64.
[    0.000000] 	RCU restricting CPUs from NR_CPUS=512 to nr_cpu_ids=2.
[    0.000000] RCU: Adjusting geometry for rcu_fanout_leaf=64, nr_cpu_ids=2
[    0.000000] NR_IRQS:33024 nr_irqs:440 16
[    0.000000] Console: colour VGA+ 80x25
[    0.000000] console [tty1] enabled
[    0.000000] console [ttyS0] enabled
[    0.000000] tsc: Detected 2712.020 MHz processor
[   15.753455] Calibrating delay loop (skipped) preset value.. 5424.04 BogoMIPS (lpj=10848080)
[   15.989539] pid_max: default: 32768 minimum: 301
[   16.079420] ACPI: Core revision 20150930
[   16.146421] ACPI: 2 ACPI AML tables successfully acquired and loaded
[   16.283332] Security Framework initialized
[   16.400865] Yama: becoming mindful.
[   16.477362] AppArmor: AppArmor initialized
[   16.563483] Dentry cache hash table entries: 131072 (order: 8, 1048576 bytes)
[   16.786261] Inode-cache hash table entries: 65536 (order: 7, 524288 bytes)
[   16.951571] Mount-cache hash table entries: 2048 (order: 2, 16384 bytes)
[   17.138015] Mountpoint-cache hash table entries: 2048 (order: 2, 16384 bytes)
[   17.319601] Initializing cgroup subsys io
[   17.427919] Initializing cgroup subsys memory
[   17.532598] Initializing cgroup subsys devices
[   17.611888] Initializing cgroup subsys freezer
[   17.735407] Initializing cgroup subsys net_cls
[   17.845900] Initializing cgroup subsys perf_event
[   17.975412] Initializing cgroup subsys net_prio
[   18.086401] Initializing cgroup subsys hugetlb
[   18.185422] Initializing cgroup subsys pids
[   18.264104] CPU: Physical Processor ID: 0
[   18.344858] CPU: Processor Core ID: 0
[   18.452993] mce: CPU supports 0 MCE banks
[   18.575435] Last level iTLB entries: 4KB 128, 2MB 8, 4MB 8
[   18.723900] Last level dTLB entries: 4KB 64, 2MB 0, 4MB 0, 1GB 4
[   18.860971] Spectre V2 : Mitigation: Full generic retpoline
[   19.008960] Spectre V2 : Speculation control IBPB not-supported IBRS not-supported
[   19.225947] Spectre V2 : Filling RSB on context switch
[   19.327982] Speculative Store Bypass: Vulnerable
[   19.430398] Freeing SMP alternatives memory: 32K
[   19.567183] ftrace: allocating 32236 entries in 126 pages
[   19.778362] smpboot: APIC(0) Converting physical 0 to logical package 0
[   19.921480] smpboot: Max logical packages: 1
[   19.984125] x2apic enabled
[   20.052535] Switched APIC routing to physical x2apic.
[   20.199071] ..TIMER: vector=0x30 apic1=0 pin1=2 apic2=-1 pin2=-1
[   20.467596] smpboot: CPU0: Intel(R) Core(TM) i5-6400 CPU @ 2.70GHz (family: 0x6, model: 0x5e, stepping: 0x3)
[   20.676270] Performance Events: unsupported p6 CPU model 94 no PMU driver, software events only.
[   20.932546] KVM setup paravirtual spinlock
[   21.041035] x86: Booting SMP configuration:
[   21.172401] .... node  #0, CPUs:      #1
[   21.273258] kvm-clock: cpu 1, msr 0:3ffe3041, secondary cpu clock
[   21.433054] mce: CPU supports 0 MCE banks
[   21.493655] x86: Booted up 1 node, 2 CPUs
[   21.583584] smpboot: Total of 2 processors activated (10848.08 BogoMIPS)
[   21.736966] devtmpfs: initialized
[   21.815596] evm: security.selinux
[   21.885826] evm: security.SMACK64
[   21.927303] evm: security.SMACK64EXEC
[   22.000797] evm: security.SMACK64TRANSMUTE
[   22.117379] evm: security.SMACK64MMAP
[   22.182359] evm: security.ima
[   22.266794] evm: security.capability
[   22.328526] clocksource: jiffies: mask: 0xffffffff max_cycles: 0xffffffff, max_idle_ns: 7645041785100000 ns
[   22.556710] futex hash table entries: 512 (order: 3, 32768 bytes)
[   22.737142] pinctrl core: initialized pinctrl subsystem
[   22.835048] RTC time:  1:29:33, date: 06/21/18
[   22.942574] NET: Registered protocol family 16
[   23.017586] cpuidle: using governor ladder
[   23.141591] cpuidle: using governor menu
[   23.228342] PCCT header not found.
[   23.298408] ACPI: bus type PCI registered
[   23.417807] acpiphp: ACPI Hot Plug PCI Controller Driver version: 0.5
[   23.576864] PCI: Using configuration type 1 for base access
[   23.599164] ACPI: Added _OSI(Module Device)
[   23.665022] ACPI: Added _OSI(Processor Device)
[   23.779385] ACPI: Added _OSI(3.0 _SCP Extensions)
[   23.871527] ACPI: Added _OSI(Processor Aggregator Device)
[   24.024608] ACPI: Executed 1 blocks of module-level executable AML code
[   24.149180] ACPI: Interpreter enabled
[   24.248896] ACPI: (supports S0 S5)
[   24.328925] ACPI: Using IOAPIC for interrupt routing
[   24.411566] PCI: Using host bridge windows from ACPI; if necessary, use "pci=nocrs" and report a bug
[   24.658056] ACPI: PCI Root Bridge [PCI0] (domain 0000 [bus 00-ff])
[   24.769856] acpi PNP0A03:00: _OSC: OS supports [ASPM ClockPM Segments MSI]
[   24.948892] acpi PNP0A03:00: _OSC: not requesting OS control; OS requires [ExtendedConfig ASPM ClockPM MSI]
[   25.201671] acpi PNP0A03:00: fail to add MMCONFIG information, can't access extended PCI configuration space under this bridge.
[   25.513997] PCI host bridge to bus 0000:00
[   25.643286] pci_bus 0000:00: root bus resource [io  0x0000-0x0cf7 window]
[   25.789843] pci_bus 0000:00: root bus resource [io  0x0d00-0xffff window]
[   25.942387] pci_bus 0000:00: root bus resource [mem 0x000a0000-0x000bffff window]
[   26.106071] pci_bus 0000:00: root bus resource [mem 0x40000000-0xffdfffff window]
[   26.304679] pci_bus 0000:00: root bus resource [bus 00-ff]
[   26.467324] pci 0000:00:01.1: legacy IDE quirk: reg 0x10: [io  0x01f0-0x01f7]
[   26.657389] pci 0000:00:01.1: legacy IDE quirk: reg 0x14: [io  0x03f6]
[   26.822418] pci 0000:00:01.1: legacy IDE quirk: reg 0x18: [io  0x0170-0x0177]
[   27.021426] pci 0000:00:01.1: legacy IDE quirk: reg 0x1c: [io  0x0376]
[   27.235798] pci 0000:00:07.0: quirk: [io  0x4000-0x403f] claimed by PIIX4 ACPI
[   27.424182] pci 0000:00:07.0: quirk: [io  0x4100-0x410f] claimed by PIIX4 SMB
[   27.597702] ACPI: PCI Interrupt Link [LNKA] (IRQs 5 9 10 *11)
[   27.702077] ACPI: PCI Interrupt Link [LNKB] (IRQs 5 9 10 *11)
[   27.824011] ACPI: PCI Interrupt Link [LNKC] (IRQs 5 9 *10 11)
[   27.943459] ACPI: PCI Interrupt Link [LNKD] (IRQs 5 *9 10 11)
[   28.057778] ACPI: Enabled 2 GPEs in block 00 to 07
[   28.158108] vgaarb: setting as boot device: PCI:0000:00:02.0
[   28.314360] vgaarb: device added: PCI:0000:00:02.0,decodes=io+mem,owns=io+mem,locks=none
[   28.464618] vgaarb: loaded
[   28.523793] vgaarb: bridge control possible 0000:00:02.0
[   28.668567] SCSI subsystem initialized
[   28.770475] ACPI: bus type USB registered
[   28.881302] usbcore: registered new interface driver usbfs
[   29.020323] usbcore: registered new interface driver hub
[   29.171842] usbcore: registered new device driver usb
[   29.290835] PCI: Using ACPI for IRQ routing
[   29.380049] NetLabel: Initializing
[   29.462774] NetLabel:  domain hash size = 128
[   29.567304] NetLabel:  protocols = UNLABELED CIPSOv4
[   29.668298] NetLabel:  unlabeled traffic allowed by default
[   29.825146] amd_nb: Cannot enumerate AMD northbridges
[   29.964118] clocksource: Switched to clocksource kvm-clock
[   30.071308] AppArmor: AppArmor Filesystem Enabled
[   30.192361] pnp: PnP ACPI init
[   30.256409] pnp: PnP ACPI: found 3 devices
[   30.348506] clocksource: acpi_pm: mask: 0xffffff max_cycles: 0xffffff, max_idle_ns: 2085701024 ns
[   30.608177] NET: Registered protocol family 2
[   30.747476] TCP established hash table entries: 8192 (order: 4, 65536 bytes)
[   30.951867] TCP bind hash table entries: 8192 (order: 5, 131072 bytes)
[   31.144849] TCP: Hash tables configured (established 8192 bind 8192)
[   31.343834] UDP hash table entries: 512 (order: 2, 16384 bytes)
[   31.522404] UDP-Lite hash table entries: 512 (order: 2, 16384 bytes)
[   31.720848] NET: Registered protocol family 1
[   31.856305] pci 0000:00:00.0: Limiting direct PCI/PCI transfers
[   32.015811] pci 0000:00:01.0: Activating ISA DMA hang workarounds
[   32.192491] Unpacking initramfs...
[   33.958499] Freeing initrd memory: 10908K
[   34.084979] platform rtc_cmos: registered platform RTC device (no PNP device found)
[   34.299135] Scanning for low memory corruption every 60 seconds
[   34.441174] audit: initializing netlink subsys (disabled)
[   34.591921] audit: type=2000 audit(1529544560.810:1): initialized
[   34.792066] Initialise system trusted keyring
[   34.925938] HugeTLB registered 2 MB page size, pre-allocated 0 pages
[   35.084437] tsc: Refined TSC clocksource calibration: 2712.489 MHz
[   35.084439] clocksource: tsc: mask: 0xffffffffffffffff max_cycles: 0x27195427114, max_idle_ns: 440795222325 ns
[   35.582772] zbud: loaded
[   35.664183] VFS: Disk quotas dquot_6.6.0
[   35.783271] VFS: Dquot-cache hash table entries: 512 (order 0, 4096 bytes)
[   36.028083] squashfs: version 4.0 (2009/01/31) Phillip Lougher
[   36.208690] fuse init (API version 7.23)
[   36.320904] Key type big_key registered
[   36.430212] Allocating IMA MOK and blacklist keyrings.
[   36.505407] Key type asymmetric registered
[   36.626710] Asymmetric key parser 'x509' registered
[   36.769774] Block layer SCSI generic (bsg) driver version 0.4 loaded (major 249)
[   37.007703] io scheduler noop registered
[   37.120228] io scheduler deadline registered (default)
[   37.265286] io scheduler cfq registered
[   37.396641] pci_hotplug: PCI Hot Plug PCI Core version: 0.5
[   37.533887] pciehp: PCI Express Hot Plug Controller Driver version: 0.4
[   37.724428] ACPI: AC Adapter [AC] (on-line)
[   37.859926] input: Power Button as /devices/LNXSYSTM:00/LNXPWRBN:00/input/input0
[   38.085987] ACPI: Power Button [PWRF]
[   38.196860] input: Sleep Button as /devices/LNXSYSTM:00/LNXSLPBN:00/input/input1
[   38.348546] ACPI: Sleep Button [SLPF]
[   38.465115] GHES: HEST is not enabled!
[   38.560768] Serial: 8250/16550 driver, 32 ports, IRQ sharing enabled
ÿ[   38.695136] 00:02: ttyS0 at I/O 0x3f8 (irq = 4, base_baud = 115200) is a 16550A
[   38.912042] Linux agpgart interface v0.103
[   39.040754] loop: module loaded
[   39.137388] scsi host0: ata_piix
[   39.244502] scsi host1: ata_piix
[   39.349567] ata1: PATA max UDMA/33 cmd 0x1f0 ctl 0x3f6 bmdma 0xd000 irq 14
[   39.570732] ata2: PATA max UDMA/33 cmd 0x170 ctl 0x376 bmdma 0xd008 irq 15
[   39.765888] libphy: Fixed MDIO Bus: probed
[   39.896303] tun: Universal TUN/TAP device driver, 1.6
[   40.065249] tun: (C) 1999-2004 Max Krasnyansky <maxk@qualcomm.com>
[   40.281349] PPP generic driver version 2.4.2
[   40.434246] ehci_hcd: USB 2.0 'Enhanced' Host Controller (EHCI) Driver
[   40.616277] ehci-pci: EHCI PCI platform driver
[   40.722267] ehci-platform: EHCI generic platform driver
[   40.843579] ohci_hcd: USB 1.1 'Open' Host Controller (OHCI) Driver
[   41.029763] ohci-pci: OHCI PCI platform driver
[   41.183544] ohci-platform: OHCI generic platform driver
[   41.275751] uhci_hcd: USB Universal Host Controller Interface driver
[   41.424475] i8042: PNP: PS/2 Controller [PNP0303:PS2K,PNP0f03:PS2M] at 0x60,0x64 irq 1,12
[   41.661605] serio: i8042 KBD port at 0x60,0x64 irq 1
[   41.786916] serio: i8042 AUX port at 0x60,0x64 irq 12
[   41.901382] mousedev: PS/2 mouse device common for all mice
[   42.072437] input: AT Translated Set 2 keyboard as /devices/platform/i8042/serio0/input/input2
[   42.377625] rtc_cmos rtc_cmos: rtc core: registered rtc_cmos as rtc0
[   42.576320] rtc_cmos rtc_cmos: alarms up to one day, 114 bytes nvram
[   42.739321] i2c /dev entries driver
[   42.835859] device-mapper: uevent: version 1.0.3
[   42.938840] device-mapper: ioctl: 4.34.0-ioctl (2015-10-28) initialised: dm-devel@redhat.com
[   43.161482] ledtrig-cpu: registered to indicate activity on CPUs
[   43.367000] NET: Registered protocol family 10
[   43.498907] NET: Registered protocol family 17
[   43.572689] Key type dns_resolver registered
[   43.683967] registered taskstats version 1
[   43.818711] Loading compiled-in X.509 certificates
[   43.949512] Loaded X.509 cert 'Build time autogenerated kernel key: fc7b57a7df019f2655f66a8a374d74ee8f4999fc'
[   44.200585] zswap: loaded using pool lzo/zbud
[   44.318679] Key type trusted registered
[   44.450747] Key type encrypted registered
[   44.550571] AppArmor: AppArmor sha1 policy hashing enabled
[   44.692200] ima: No TPM chip found, activating TPM-bypass!
[   44.815180] evm: HMAC attrs: 0x1
[   44.929067]   Magic number: 6:606:458
[   45.031318] rtc_cmos rtc_cmos: setting system clock to 2018-06-21 01:29:55 UTC (1529544595)
[   45.272569] BIOS EDD facility v0.16 2004-Jun-25, 0 devices found
[   45.454213] EDD information not available.
[   45.535410] Freeing unused kernel memory: 1512K
[   45.696447] Write protecting the kernel read-only data: 14336k
[   45.901615] Freeing unused kernel memory: 1688K
[   46.038447] Freeing unused kernel memory: 96K
Loading, please [   46.133580] random: systemd-udevd: uninitialized urandom read (16 bytes read, 9 bits of entropy available)
wait...
startin[   46.134171] random: udevadm: uninitialized urandom read (16 bytes read, 9 bits of entropy available)
g version 229
[   46.134189] random: udevadm: uninitialized urandom read (16 bytes read, 9 bits of entropy available)
[   46.143518] random: udevadm: uninitialized urandom read (16 bytes read, 9 bits of entropy available)
[   46.143559] random: udevadm: uninitialized urandom read (16 bytes read, 9 bits of entropy available)
[   46.143697] random: udevadm: uninitialized urandom read (16 bytes read, 9 bits of entropy available)
[   46.143749] random: udevadm: uninitialized urandom read (16 bytes read, 9 bits of entropy available)
[   46.143875] random: udevadm: uninitialized urandom read (16 bytes read, 9 bits of entropy available)
[   46.143929] random: udevadm: uninitialized urandom read (16 bytes read, 9 bits of entropy available)
[   46.143978] random: udevadm: uninitialized urandom read (16 bytes read, 9 bits of entropy available)
[   48.843483] e1000: Intel(R) PRO/1000 Network Driver - version 7.3.21-k8-NAPI
[   49.054169] e1000: Copyright (c) 1999-2006 Intel Corporation.
[   49.243473] Fusion MPT base driver 3.04.20
[   49.363596] Copyright (c) 1999-2008 LSI Corporation
[   49.511836] Fusion MPT SPI Host driver 3.04.20
[   49.620433] AVX version of gcm_enc/dec engaged.
[   49.739376] AES CTR mode by8 optimization enabled
[   49.836468] e1000 0000:00:03.0 eth0: (PCI:33MHz:32-bit) 02:b0:72:86:cc:22
[   49.836471] e1000 0000:00:03.0 eth0: Intel(R) PRO/1000 Network Connection
[   49.870866] e1000 0000:00:03.0 enp0s3: renamed from eth0
[   49.871478] mptbase: ioc0: Initiating bringup
[   49.932471] ioc0: LSI53C1030 A0: Capabilities={Initiator}
[   50.626911] scsi host2: ioc0: LSI53C1030 A0, FwRev=00000000h, Ports=1, MaxQ=256, IRQ=20
[   50.854162] input: ImExPS/2 Generic Explorer Mouse as /devices/platform/i8042/serio1/input/input4
[   51.241052] scsi 2:0:0:0: Direct-Access     VBOX     HARDDISK         1.0  PQ: 0 ANSI: 5
[   51.441193] scsi target2:0:0: Beginning Domain Validation
[   51.580257] scsi target2:0:0: Domain Validation skipping write tests
[   51.791623] scsi target2:0:0: Ending Domain Validation
[   51.946732] scsi target2:0:0: asynchronous
[   52.067438] scsi 2:0:1:0: Direct-Access     VBOX     HARDDISK         1.0  PQ: 0 ANSI: 5
[   52.349369] scsi target2:0:1: Beginning Domain Validation
[   52.482868] scsi target2:0:1: Domain Validation skipping write tests
[   52.656648] scsi target2:0:1: Ending Domain Validation
[   52.832012] scsi target2:0:1: asynchronous
[   52.974126] sd 2:0:0:0: Attached scsi generic sg0 type 0
[   52.974446] sd 2:0:0:0: [sda] 20971520 512-byte logical blocks: (10.7 GB/10.0 GiB)
[   52.974525] sd 2:0:0:0: [sda] Write Protect is off
[   52.974579] sd 2:0:0:0: [sda] Incomplete mode parameter data
[   52.974580] sd 2:0:0:0: [sda] Assuming drive cache: write through
[   52.988217]  sda: sda1
[   52.989205] sd 2:0:0:0: [sda] Attached SCSI disk
[   54.051124] sd 2:0:1:0: Attached scsi generic sg1 type 0
[   54.051328] sd 2:0:1:0: [sdb] 20480 512-byte logical blocks: (10.5 MB/10.0 MiB)
[   54.051517] sd 2:0:1:0: [sdb] Write Protect is off
[   54.051645] sd 2:0:1:0: [sdb] Incomplete mode parameter data
[   54.051646] sd 2:0:1:0: [sdb] Assuming drive cache: write through
[   54.067268] sd 2:0:1:0: [sdb] Attached SCSI disk
Begin: Loading e[   56.376872] md: linear personality registered for level -1
ssential drivers[   56.554456] md: multipath personality registered for level -4
 ... [   56.762046] md: raid0 personality registered for level 0
[   56.924489] md: raid1 personality registered for level 1
[   57.140251] raid6: sse2x1   gen()  8579 MB/s
[   57.340216] raid6: sse2x1   xor()  5313 MB/s
[   57.528224] raid6: sse2x2   gen() 10282 MB/s
[   57.716223] raid6: sse2x2   xor()  7144 MB/s
[   57.880222] raid6: sse2x4   gen() 11113 MB/s
[   58.012199] raid6: sse2x4   xor()  7276 MB/s
[   58.116600] raid6: using algorithm sse2x4 gen() 11113 MB/s
[   58.232602] raid6: .... xor() 7276 MB/s, rmw enabled
[   58.368631] raid6: using ssse3x2 recovery algorithm
[   58.497989] xor: automatically using best checksumming function:
[   58.728152]    avx       : 16962.000 MB/sec
[   58.872337] async_tx: api initialized (async)
[   58.973102] md: raid6 personality registered for level 6
[   59.116593] md: raid5 personality registered for level 5
[   59.256593] md: raid4 personality registered for level 4
[   59.385512] md: raid10 personality registered for level 10
done.
Begin: Running /scripts/init-p[   59.544572] Btrfs loaded
remount ... done.
Begin: Mounting root file sys[   59.649105] EXT4-fs (sda1): INFO: recovery required on readonly filesystem
tem ... Begin: R[   59.902165] EXT4-fs (sda1): write access will be enabled during recovery
unning /scripts/local-top ... done.
Begin: Running /scripts/local-premount ... Scanning for Btrfs filesystems
done.
Warning: fsck not present[   60.160417] random: nonblocking pool is initialized
, so skipping root file system
[   60.432959] EXT4-fs (sda1): orphan cleanup on readonly fs
[   60.608617] EXT4-fs (sda1): 1 orphan inode deleted
[   60.765045] EXT4-fs (sda1): recovery complete
[   60.896939] EXT4-fs (sda1): mounted filesystem with ordered data mode. Opts: (null)
done.
Begin: Running /scripts/local-bottom ... done.
Begin: Running /scripts/init-bottom ... done.
[   61.375476] systemd[1]: systemd 229 running in system mode. (+PAM +AUDIT +SELINUX +IMA +APPARMOR +SMACK +SYSVINIT +UTMP +LIBCRYPTSETUP +GCRYPT +GNUTLS +ACL +XZ -LZ4 +SECCOMP +BLKID +ELFUTILS +KMOD -IDN)
[   61.931344] systemd[1]: Detected virtualization oracle.
[   62.066067] systemd[1]: Detected architecture x86-64.

Welcome to [1mUbuntu 16.04.4 LTS[0m!

[   62.224354] systemd[1]: Set hostname to <ubuntu-xenial>.
[   62.923278] systemd[1]: Reached target Swap.
[[0;32m  OK  [0m] Reached target Swap.
[   63.108641] systemd[1]: Listening on Journal Socket.
[[0;32m  OK  [0m] Listening on Journal Socket.
[   63.301223] systemd[1]: Listening on udev Control Socket.
[[0;32m  OK  [0m] Listening on udev Control Socket.
[   63.520912] systemd[1]: Reached target Encrypted Volumes.
[[0;32m  OK  [0m] Reached target Encrypted Volumes.
[   63.749078] systemd[1]: Created slice System Slice.
[[0;32m  OK  [0m] Created slice System Slice.
[   63.988418] systemd[1]: Starting Nameserver information manager...
         Starting Nameserver information manager...
[   64.232876] systemd[1]: Starting Create list of required static device nodes for the current kernel...
         Starting Create list of required st... nodes for the current kernel...
[   64.564990] systemd[1]: Created slice system-serial\x2dgetty.slice.
[[0;32m  OK  [0m] Created slice system-serial\x2dgetty.slice.
[   64.852387] systemd[1]: Mounting POSIX Message Queue File System...
         Mounting POSIX Message Queue File System...
[   65.108506] systemd[1]: Started Trigger resolvconf update for networkd DNS.
[[0;32m  OK  [0m] Started Trigger resolvconf update for networkd DNS.
[   65.404516] systemd[1]: Listening on Syslog Socket.
[[0;32m  OK  [0m] Listening on Syslog Socket.
[   65.604315] systemd[1]: Mounting Huge Pages File System...
         Mounting Huge Pages File System...
[   65.805014] systemd[1]: Created slice User and Session Slice.
[[0;32m  OK  [0m] Created slice User and Session Slice.
[   66.064438] systemd[1]: Reached target Slices.
[[0;32m  OK  [0m] Reached target Slices.
[   66.224586] systemd[1]: Listening on LVM2 metadata daemon socket.
[[0;32m  OK  [0m] Listening on LVM2 metadata daemon socket.
[   66.488432] systemd[1]: Starting Remount Root and Kernel File Systems...
         [   66.689209] EXT4-fs (sda1): re-mounted. Opts: (null)
Starting Remount Root and Kernel File Systems...
[   66.956345] systemd[1]: Starting Load Kernel Modules...
         Starting Load Ke[   67.122001] Loading iSCSI transport class v2.0-870.
rnel Modules...
[   67.316832] iscsi: registered transport (tcp)
[   67.456800] systemd[1]: Starting Set console keymap...
         Starting Set console keymap...
[   67.604274] systemd[1]: Reached target User and Group Name Lookups.
[[0;32m  OK  [0[   67.815495] iscsi: registered transport (iser)
m] Reached target User and Group Name Lookups.
[   68.013000] systemd[1]: Listening on /dev/initctl Compatibility Named Pipe.
[[0;32m  OK  [0m] Listening on /dev/initctl Compatibility Named Pipe.
[   68.313547] systemd[1]: Listening on Journal Audit Socket.
[[0;32m  OK  [0m] Listening on Journal Audit Socket.
[   68.532919] systemd[1]: Listening on Device-mapper event daemon FIFOs.
[[0;32m  OK  [0m] Listening on Device-mapper event daemon FIFOs.
[   68.768889] systemd[1]: Starting Monitoring of LVM2 mirrors, snapshots etc. using dmeventd or progress polling...
         Starting Monitoring of LVM2 mirrors... dmeventd or progress polling...
[   69.112971] systemd[1]: Started Forward Password Requests to Wall Directory Watch.
[[0;32m  OK  [0m] Started Forward Password Requests to Wall Directory Watch.
[   69.412519] systemd[1]: Listening on Journal Socket (/dev/log).
[[0;32m  OK  [0m] Listening on Journal Socket (/dev/log).
[   69.644417] systemd[1]: Starting Journal Service...
         Starting Journal Service...
[   69.821218] systemd[1]: Set up automount Arbitrary Executable File Formats File System Automount Point.
[[0;32m  OK  [0m] Set up automount Arbitrary Executab...ats File System Automount Point.
[   70.151199] systemd[1]: Listening on udev Kernel Socket.
[[0;32m  OK  [0m] Listening on udev Kernel Socket.
[   70.369311] systemd[1]: Mounting Debug File System...
         Mounting Debug File System...
[   70.569076] systemd[1]: Listening on LVM2 poll daemon socket.
[[0;32m  OK  [0m] Listening on LVM2 poll daemon socket.
[   70.756931] systemd[1]: Reached target System Time Synchronized.
[[0;32m  OK  [0m] Reached target System Time Synchronized.
[   71.032854] systemd[1]: Starting Uncomplicated firewall...
         Starting Uncomplicated firewall...
[   71.254808] systemd[1]: Mounted Debug File System.
[[0;32m  OK  [0m] Mounted Debug File System.
[   71.448918] systemd[1]: Mounted POSIX Message Queue File System.
[[0;32m  OK  [0m] Mounted POSIX Message Queue File System.
[   71.688941] systemd[1]: Mounted Huge Pages File System.
[[0;32m  OK  [0m] Mounted Huge Pages File System.
[   71.873086] systemd[1]: Started Journal Service.
[[0;32m  OK  [0m] Started Journal Service.
[[0;32m  OK  [0m] Started Create list of required sta...ce nodes for the current kernel.
[[0;32m  OK  [0m] Started Remount Root and Kernel File Systems.
[[0;32m  OK  [0m] Started Load Kernel Modules.
[[0;32m  OK  [0m] Started Set console keymap.
[[0;32m  OK  [0m] Started Uncomplicated firewall.
[[0;32m  OK  [0m] Started Nameserver information manager.
[[0;32m  OK  [0m] Started LVM2 metadata daemon.
         Starting Apply Kernel Variables...
         Mounting FUSE Control File System...
         Starting Load/Save Random Seed...
         Starting udev Coldplug all Devices...
         Starting Create Static Device Nodes in /dev...
         Starting Flush Journal to Persistent Storage...
[[0;32m  OK  [0m] Mounted FUSE Control File System.
[[0;32m  OK  [0m] Started Monitoring of LVM2 mirrors,...ng dmeventd or progress polling.
[[0;32m  OK  [0m] Started Apply Kernel Variables.
[[0;32m  OK  [0m] Started Load/Save Random Seed.
[[0;32m  OK  [0m] Started Create Static Device Nodes in /dev.
[[0;32m  OK  [0m] Started udev Coldplug all Devices.
         Starting udev Kernel Device Manager...
[[0;32m  OK  [0m] Started Flush Journal to Persistent Storage.
[[0;32m  OK  [0m] Started udev Kernel Device Manager.
[[0;32m  OK  [0m] Found device /dev/ttyS0.
[[0;32m  OK  [0m] Reached target Local File Systems (Pre).
[[0;32m  OK  [0m] Reached target Local File Systems.
         Starting LSB: AppArmor initialization...
         Starting Set console font and keymap...
         Starting Initial cloud-init job (pre-networking)...
         Starting Tell Plymouth To Write Out Runtime Data...
[[0;32m  OK  [0m] Started Dispatch Password Requests to Console Directory Watch.
         Starting Create Volatile Files and Directories...
[[0;32m  OK  [0m] Started Tell Plymouth To Write Out Runtime Data.
[[0;32m  OK  [0m] Started Create Volatile Files and Directories.
[[0;32m  OK  [0m] Started Set console font and keymap.
[[0;32m  OK  [0m] Listening on Load/Save RF Kill Switch Status /dev/rfkill Watch.
[[0;32m  OK  [0m] Created slice system-getty.slice.
         Starting Update UTMP about System Boot/Shutdown...
[[0;32m  OK  [0m] Started Update UTMP about System Boot/Shutdown.
[[0;32m  OK  [0m] Started LSB: AppArmor initialization.
[   47.610255] cloud-init[563]: Cloud-init v. 18.2 running 'init-local' at Thu, 21 Jun 2018 01:30:26 +0000. Up 47.27 seconds.
[[0;32m  OK  [0m] Started Initial cloud-init job (pre-networking).
[[0;32m  OK  [0m] Reached target Network (Pre).
         Starting Raise network interfaces...
[[0;32m  OK  [0m] Started ifup for enp0s3.
[[0;32m  OK  [0m] Started Raise network interfaces.
[[0;32m  OK  [0m] Reached target Network.
         Starting Initial cloud-init job (metadata service crawler)...
[   49.144916] cloud-init[988]: Cloud-init v. 18.2 running 'init' at Thu, 21 Jun 2018 01:30:28 +0000. Up 48.63 seconds.
[[0;32m  OK  [0m] Started Initial cloud-init job (metadata service crawler).
[   49.303636] cloud-init[988]: ci-info: +++++++++++++++++++++++++++++++++++++Net device info++++++++++++++++++++++++++++++++++++++
[   49.407293] cloud-init[988]: ci-info: +--------+------+----------------------------+---------------+-------+-------------------+
[[0;32m  OK  [0m] Reached target Network is Online.
[   49.407478] cloud-init[988]: ci-info: | Device |  Up  |          Address           |      Mask     | Scope |     Hw-Address    |
[   49.912856] cloud-init[988]: ci-info: +--------+------+----------------------------+---------------+-------+-------------------+
[   49.913311] cloud-init[988]: ci-info: | enp0s3 | True |         10.0.2.15          | 255.255.255.0 |   .   | 02:b0:72:86:cc:22 |
         Starting iSCSI initiator daemon (iscsid)...
[   49.913540] cloud-init[988]: ci-info: | enp0s3 | True | fe80::b0:72ff:fe86:cc22/64 |       .       |  link | 02:b0:72:86:cc:22 |
[   50.277343] cloud-init[988]: ci-info: |   lo   | True |         127.0.0.1          |   255.0.0.0   |   .   |         .         |
[[0;32m  OK  [0m] Reached target System Initialization.
[   50.277507] cloud-init[988]: ci-info: |   lo   | True |          ::1/128           |       .       |  host |         .         |
[   50.657361] cloud-init[988]: ci-info: +--------+------+----------------------------+---------------+-------+-------------------+
[[0;32m  OK  [0m] Listening on ACPID Listen Socket.
[   50.657529] cloud-init[988]: ci-info: +++++++++++++++++++++++++++Route IPv4 info++++++++++++++++++++++++++++
[   51.120397] cloud-init[988]: ci-info: +-------+-------------+----------+---------------+-----------+-------+
[   51.120626] cloud-init[988]: ci-info: | Route | Destination | Gateway  |    Genmask    | Interface | Flags |
[[0;32m  OK  [0m] Started ACPI Events Check.
[   51.120727] cloud-init[988]: ci-info: +-------+-------------+----------+---------------+-----------+-------+
[   51.404976] cloud-init[988]: ci-info: |   0   |   0.0.0.0   | 10.0.2.2 |    0.0.0.0    |   enp0s3  |   UG  |
[[0;32m  OK  [0m] Reached target Paths.
         Starting Socket activation for snappy daemon.
[   51.405142] cloud-init[988]: ci-info: |   1   |   10.0.2.0  | 0.0.0.0  | 255.255.255.0 |   enp0s3  |   U   |
[   51.836594] cloud-init[988]: ci-info: +-------+-------------+----------+---------------+-----------+-------+
[[0;32m  OK  [0m] Started Daily apt download activities.
[[0;32m  OK  [0m] Started Daily apt upgrade and clean activities.
         Starting LXD - unix socket.
[[0;32m  OK  [0m] Listening on UUID daemon activation socket.
[[0;32m  OK  [0m] Listening on D-Bus System Message Bus Socket.
[[0;32m  OK  [0m] Started Daily Cleanup of Temporary Directories.
[[0;32m  OK  [0m] Reached target Timers.
[[0;32m  OK  [0m] Reached target Cloud-config availability.
[[0;32m  OK  [0m] Listening on Socket activation for snappy daemon.
[[0;32m  OK  [0m] Listening on LXD - unix socket.
[[0;32m  OK  [0m] Started iSCSI initiator daemon (iscsid).
         Starting Login to default iSCSI targets...
[[0;32m  OK  [0m] Reached target Sockets.
[[0;32m  OK  [0m] Reached target Basic System.
[[0;32m  OK  [0m] Started Regular background program processing daemon.
         Starting Virtualbox guest utils...
         Starting Apply the settings specified in cloud-config...
         Starting LSB: Record successful boot for GRUB...
         Starting LSB: MD monitoring daemon...
[[0;32m  OK  [0m] Started Unattended Upgrades Shutdown.
[[0;32m  OK  [0m] Started D-Bus System Message Bus.
         Starting LXD - container startup/shutdown...
[   53.504036] cloud-init[1054]: Cloud-init v. 18.2 running 'modules:config' at Thu, 21 Jun 2018 01:30:32 +0000. Up 53.33 seconds.
         Starting Accounts Service...
[[0;32m  OK  [0m] Started Deferred execution scheduler.
         Starting System Logging Service...
         Starting OpenBSD Secure Shell server...
         Starting Snappy daemon...
         Starting Login Service...
[[0;32m  OK  [0m] Started ACPI event daemon.
         Starting /etc/rc.local Compatibility...
[[0;32m  OK  [0m] Started FUSE filesystem for LXC.
[[0;32m  OK  [0m] Started System Logging Service.
[[0;32m  OK  [0m] Started Apply the settings specified in cloud-config.
[[0;32m  OK  [0m] Started /etc/rc.local Compatibility.
[[0;32m  OK  [0m] Started LSB: Record successful boot for GRUB.
[[0;32m  OK  [0m] Started LSB: MD monitoring daemon.
[[0;32m  OK  [0m] Started Login to default iSCSI targets.
[[0;32m  OK  [0m] Started OpenBSD Secure Shell server.
[[0;32m  OK  [0m] Started Virtualbox guest utils.
[[0;32m  OK  [0m] Reached target Remote File Systems (Pre).
[[0;32m  OK  [0m] Reached target Remote File Systems.
         Starting LSB: automatic crash report generation...
         Starting LSB: daemon to balance interrupts for SMP systems...
         Starting LSB: Set the CPU Frequency Scaling governor to "ondemand"...
         Starting Permit User Sessions...
         Starting Authenticate and Authorize Users to Run Privileged Tasks...
[[0;32m  OK  [0m] Started Snappy daemon.
[[0;32m  OK  [0m] Started LXD - container startup/shutdown.
[[0;32m  OK  [0m] Started Permit User Sessions.
[[0;32m  OK  [0m] Started Login Service.
[[0;32m  OK  [0m] Started Authenticate and Authorize Users to Run Privileged Tasks.
[[0;32m  OK  [0m] Started Accounts Service.
         Starting Hold until boot process finishes up...
         Starting Terminate Plymouth Boot Screen...
         Starting Wait until snapd is fully seeded...
[[0;32m  OK  [0m] Started LSB: automatic crash report generation.
[[0;32m  OK  [0m] Started LSB: daemon to balance interrupts for SMP systems.
[[0;32m  OK  [0m] Started LSB: Set the CPU Frequency Scaling governor to "ondemand".
[[0;32m  OK  [0m] Started Hold until boot process finishes up.
[[0;32m  OK  [0m] Started Terminate Plymouth Boot Screen.
[[0;32m  OK  [0m] Started Wait until snapd is fully seeded.
[[0;32m  OK  [0m] Started Serial Getty on ttyS0.
[[0;32m  OK  [0m] Started Getty on tty1.
[[0;32m  OK  [0m] Reached target Login Prompts.
         Starting Set console scheme...
[[0;32m  OK  [0m] Reached target Multi-User System.
[[0;32m  OK  [0m] Reached target Graphical Interface.
         Starting Update UTMP about System Runlevel Changes...
         Starting Execute cloud user/final scripts...
[[0;32m  OK  [0m] Started Set console scheme.
[[0;32m  OK  [0m] Started Update UTMP about System Runlevel Changes.
[   57.514358] cloud-init[1223]: Cloud-init v. 18.2 running 'modules:final' at Thu, 21 Jun 2018 01:30:36 +0000. Up 57.39 seconds.
[   57.660866] cloud-init[1223]: Cloud-init v. 18.2 finished at Thu, 21 Jun 2018 01:30:37 +0000. Datasource DataSourceNoCloud [seed=/dev/sdb][dsmode=net].  Up 57.50 seconds
[[0;32m  OK  [0m] Started Execute cloud user/final scripts.
[[0;32m  OK  [0m] Reached target Cloud-init target.
         Starting Daily apt download activities...
[[0;32m  OK  [0m] Created slice User Slice of vagrant.
         Starting User Manager for UID 1000...
[[0;32m  OK  [0m] Started Session 1 of user vagrant.
[[0;32m  OK  [0m] Started User Manager for UID 1000.

Ubuntu 16.04.4 LTS ubuntu-xenial ttyS0

ubuntu-xenial login: 